<?xml version="1.0" encoding="UTF-8"?>
<testng-results skipped="0" failed="0" ignored="0" total="1" passed="1">
  <reporter-output>
  </reporter-output>
  <suite name="Suite" duration-ms="8709" started-at="2018-06-23T06:06:17Z" finished-at="2018-06-23T06:06:25Z">
    <groups>
    </groups>
    <test name="Test" duration-ms="8709" started-at="2018-06-23T06:06:17Z" finished-at="2018-06-23T06:06:25Z">
      <class name="samplegittest.SampleGitTest">
        <test-method status="PASS" signature="logintest()[pri:0, instance:samplegittest.SampleGitTest@c818063]" name="logintest" duration-ms="8693" started-at="2018-06-23T11:36:17Z" finished-at="2018-06-23T11:36:25Z">
          <reporter-output>
          </reporter-output>
        </test-method> <!-- logintest -->
      </class> <!-- samplegittest.SampleGitTest -->
    </test> <!-- Test -->
  </suite> <!-- Suite -->
</testng-results>
