<?xml version="1.0" encoding="UTF-8"?>
<testng-results skipped="0" failed="0" ignored="0" total="1" passed="1">
  <reporter-output>
  </reporter-output>
  <suite name="Default suite" duration-ms="9026" started-at="2018-06-16T05:22:14Z" finished-at="2018-06-16T05:22:23Z">
    <groups>
    </groups>
    <test name="Default test" duration-ms="9026" started-at="2018-06-16T05:22:14Z" finished-at="2018-06-16T05:22:23Z">
      <class name="samplegittest.SampleGitTest">
        <test-method status="PASS" signature="logintest()[pri:0, instance:samplegittest.SampleGitTest@687080dc]" name="logintest" duration-ms="9008" started-at="2018-06-16T05:22:14Z" finished-at="2018-06-16T05:22:23Z">
          <reporter-output>
          </reporter-output>
        </test-method> <!-- logintest -->
      </class> <!-- samplegittest.SampleGitTest -->
    </test> <!-- Default test -->
  </suite> <!-- Default suite -->
</testng-results>
